Microsoft (R) Macro Assembler Version 6.11		    04/22/12 02:03:03
comsmall.asm						     Page 1 - 1



					.186
					.model	tiny,stdcall


				;****************************************************************
				;*		外部宣言					*
				;****************************************************************
				include	lib_dos.inc
			      C 
			      C 
			      C ComSmole	proto	near,	sizeCOM:WORD
			      C ExeSmole	proto	near,	szDGROUP:WORD
			      C Memory_Open	proto	near,	ParaSize:word
			      C Memory_Close	proto	near,	CloseSegment:word
			      C 
			      C File_Create	proto	near,	cFilename:dword,iAttr:word
			      C File_Open	proto	near,	cFilename:dword,cMode:byte
			      C File_Close	proto	near,	hFile:word
			      C File_Load	proto	near,	hFile:word,	cBuff:dword
			      C File_Load_S	proto	near,	hFile:word,	iSize:word,	cBuff:dword
			      C File_Write	proto	near,	hFile:word,	iSize:word,	cBuff:dword
			      C File_Seek	proto	near,	hFile:word,	iControl:BYTE,	dOffset	:dword
			      C 
			      C ChangeExt			proto	near,	cFilename:dword,cExt:dword
			      C Change_Current_Directory	proto	near,	cDirname:dword
			      C 
			      C File_Err	proto	near
			      C 
			      C 
			      C 
			      C ASC2HEX8	proto	near
			      C ASC2HEX16	proto	near
			      C HEX2ASC8	proto	near
			      C HEX2ASC16	proto	near
			      C FH2A8		proto	near
			      C FH2A16		proto	near
			      C H2A_F		proto	near,	iValue	:WORD,	iForm	:WORD
			      C H2A8		proto	near
			      C dat2hex8	proto	near
			      C dat2hex16	proto	near
			      C 
			      C 
			      C 


				;****************************************************************
				;*		コード						*
				;****************************************************************
				;---------------------------------------------------------------|
				;		ＣＯＭファイルのメモリー最小化			|
				;---------------------------------------------------------------|
				;	処理							|
				;		ＣＯＭプログラム実行時にメモリーを		|
				;		最小限にする					|
				;	引数							|
				;		無し						|
				;	返り値							|
				;		無し						|
				;---------------------------------------------------------------|
 0000				.code
 0000				ComSmole	proc	near	uses ax bx es,	;メモリーの最小化
						sizeCOM:WORD

 0000  55		   *	    push   bp
 0001  8B EC		   *	    mov    bp, sp
 0003  50		   *	    push   ax
 0004  53		   *	    push   bx
 0005  06		   *	    push   es
 0006  2E: 8E 06 002C			MOV	ES,CS:[002CH]	;環境セグメントの開放
 000B  B4 49				MOV	AH,49H		;
 000D  CD 21				INT	21H		;
					.if	(carry?)
 000F  73 03		   *	    jae    @C0001
					invoke	File_Err
 0011  E8 0000 E	   *	    call   File_Err
					.endif
 0014			   *@C0001:

 0014  0E				push	cs		;
 0015  07				pop	es		;ES←CS
 0016  8B 5E 04				MOV	bx, sizeCOM
 0019  C1 EB 04				shr	bx, 4
 001C  B4 4A				MOV	AH,04AH		;
 001E  CD 21				INT	21H		;最小化
					.if	(carry?)
 0020  73 03		   *	    jae    @C0003
					invoke	File_Err
 0022  E8 0000 E	   *	    call   File_Err
					.endif
 0025			   *@C0003:

					ret			;RETURN
 0025  07		   *	    pop    es
 0026  5B		   *	    pop    bx
 0027  58		   *	    pop    ax
 0028  5D		   *	    pop    bp
 0029  C2 0002		   *	    ret    00002h
 002C				ComSmole	endp		;
				;****************************************************************
					end
Microsoft (R) Macro Assembler Version 6.11		    04/22/12 02:03:03
comsmall.asm						     Symbols 2 - 1




Segments and Groups:

                N a m e                 Size     Length   Align   Combine Class

DGROUP . . . . . . . . . . . . .	GROUP
_TEXT  . . . . . . . . . . . . .	16 Bit	 002C	  Word	  Public  'CODE'	
_DATA  . . . . . . . . . . . . .	16 Bit	 0000	  Word	  Public  'DATA'	


Procedures,  parameters and locals:

                N a m e                 Type     Value    Attr

ASC2HEX16  . . . . . . . . . . .	P Near	 0000	  Length= 0000 External STDCALL
ASC2HEX8 . . . . . . . . . . . .	P Near	 0000	  Length= 0000 External STDCALL
ChangeExt  . . . . . . . . . . .	P Near	 0000	  Length= 0000 External STDCALL
Change_Current_Directory . . . .	P Near	 0000	  Length= 0000 External STDCALL
ComSmole . . . . . . . . . . . .	P Near	 0000	  _TEXT	Length= 002C Public STDCALL
  sizeCOM  . . . . . . . . . . .	Word	 bp + 0004
ExeSmole . . . . . . . . . . . .	P Near	 0000	  Length= 0000 External STDCALL
FH2A16 . . . . . . . . . . . . .	P Near	 0000	  Length= 0000 External STDCALL
FH2A8  . . . . . . . . . . . . .	P Near	 0000	  Length= 0000 External STDCALL
File_Close . . . . . . . . . . .	P Near	 0000	  Length= 0000 External STDCALL
File_Create  . . . . . . . . . .	P Near	 0000	  Length= 0000 External STDCALL
File_Err . . . . . . . . . . . .	P Near	 0000	  Length= 0000 External STDCALL
File_Load_S  . . . . . . . . . .	P Near	 0000	  Length= 0000 External STDCALL
File_Load  . . . . . . . . . . .	P Near	 0000	  Length= 0000 External STDCALL
File_Open  . . . . . . . . . . .	P Near	 0000	  Length= 0000 External STDCALL
File_Seek  . . . . . . . . . . .	P Near	 0000	  Length= 0000 External STDCALL
File_Write . . . . . . . . . . .	P Near	 0000	  Length= 0000 External STDCALL
H2A8 . . . . . . . . . . . . . .	P Near	 0000	  Length= 0000 External STDCALL
H2A_F  . . . . . . . . . . . . .	P Near	 0000	  Length= 0000 External STDCALL
HEX2ASC16  . . . . . . . . . . .	P Near	 0000	  Length= 0000 External STDCALL
HEX2ASC8 . . . . . . . . . . . .	P Near	 0000	  Length= 0000 External STDCALL
Memory_Close . . . . . . . . . .	P Near	 0000	  Length= 0000 External STDCALL
Memory_Open  . . . . . . . . . .	P Near	 0000	  Length= 0000 External STDCALL
dat2hex16  . . . . . . . . . . .	P Near	 0000	  Length= 0000 External STDCALL
dat2hex8 . . . . . . . . . . . .	P Near	 0000	  Length= 0000 External STDCALL


Symbols:

                N a m e                 Type     Value    Attr

@CodeSize  . . . . . . . . . . .	Number	 0000h	 
@DataSize  . . . . . . . . . . .	Number	 0000h	 
@Interface . . . . . . . . . . .	Number	 0003h	 
@Model . . . . . . . . . . . . .	Number	 0001h	 
@code  . . . . . . . . . . . . .	Text   	 DGROUP
@data  . . . . . . . . . . . . .	Text   	 DGROUP
@fardata?  . . . . . . . . . . .	Text   	 FAR_BSS
@fardata . . . . . . . . . . . .	Text   	 FAR_DATA
@stack . . . . . . . . . . . . .	Text   	 DGROUP

	   0 Warnings
	   0 Errors
