Microsoft (R) Macro Assembler Version 6.11		    04/22/12 02:03:03
fload.asm						     Page 1 - 1



					.186
					.model	tiny,stdcall


				;****************************************************************
				;*		外部宣言					*
				;****************************************************************
				include	lib_dos.inc
			      C 
			      C 
			      C ComSmole	proto	near,	sizeCOM:WORD
			      C ExeSmole	proto	near,	szDGROUP:WORD
			      C Memory_Open	proto	near,	ParaSize:word
			      C Memory_Close	proto	near,	CloseSegment:word
			      C 
			      C File_Create	proto	near,	cFilename:dword,iAttr:word
			      C File_Open	proto	near,	cFilename:dword,cMode:byte
			      C File_Close	proto	near,	hFile:word
			      C File_Load	proto	near,	hFile:word,	cBuff:dword
			      C File_Load_S	proto	near,	hFile:word,	iSize:word,	cBuff:dword
			      C File_Write	proto	near,	hFile:word,	iSize:word,	cBuff:dword
			      C File_Seek	proto	near,	hFile:word,	iControl:BYTE,	dOffset	:dword
			      C 
			      C ChangeExt			proto	near,	cFilename:dword,cExt:dword
			      C Change_Current_Directory	proto	near,	cDirname:dword
			      C 
			      C File_Err	proto	near
			      C 
			      C 
			      C 
			      C ASC2HEX8	proto	near
			      C ASC2HEX16	proto	near
			      C HEX2ASC8	proto	near
			      C HEX2ASC16	proto	near
			      C FH2A8		proto	near
			      C FH2A16		proto	near
			      C H2A_F		proto	near,	iValue	:WORD,	iForm	:WORD
			      C H2A8		proto	near
			      C dat2hex8	proto	near
			      C dat2hex16	proto	near
			      C 
			      C 
			      C 


				;****************************************************************
				;*		コード						*
				;****************************************************************
				;---------------------------------------------------------------|
				;		ファイルのロード				|
				;---------------------------------------------------------------|
				;	●引数							|
				;		hFile	ハンドル				|
				;		cBuff	バッファのアドレス			|
				;	●返り値						|
				;		ax	読み込めたバイト数			|
				;---------------------------------------------------------------|
 0000				.code
 0000				File_Load	proc	near	uses bx cx dx ds,
						hFile:word,
						cBuff:dword

 0000  55		   *	    push   bp
 0001  8B EC		   *	    mov    bp, sp
 0003  53		   *	    push   bx
 0004  51		   *	    push   cx
 0005  52		   *	    push   dx
 0006  1E		   *	    push   ds
 0007  C5 56 06					lds	dx,dword ptr cBuff
 000A  B9 FFFF					mov	cx,0FFFFh	;全部読むよ？
 000D  8B 5E 04					mov	bx,hFile	;bx←ハンドル
 0010  B4 3F					mov	ah,3fh		;
 0012  CD 21					int	21h		;

 0014  73 03					jnc	File_Load_Ok	;
 0016  E8 0000 E				call	File_Err	;
 0019				File_Load_Ok:				;
						ret			;
 0019  1F		   *	    pop    ds
 001A  5A		   *	    pop    dx
 001B  59		   *	    pop    cx
 001C  5B		   *	    pop    bx
 001D  5D		   *	    pop    bp
 001E  C2 0006		   *	    ret    00006h
 0021				File_Load	endp			;
				;****************************************************************
					end
Microsoft (R) Macro Assembler Version 6.11		    04/22/12 02:03:03
fload.asm						     Symbols 2 - 1




Segments and Groups:

                N a m e                 Size     Length   Align   Combine Class

DGROUP . . . . . . . . . . . . .	GROUP
_TEXT  . . . . . . . . . . . . .	16 Bit	 0021	  Word	  Public  'CODE'	
_DATA  . . . . . . . . . . . . .	16 Bit	 0000	  Word	  Public  'DATA'	


Procedures,  parameters and locals:

                N a m e                 Type     Value    Attr

ASC2HEX16  . . . . . . . . . . .	P Near	 0000	  Length= 0000 External STDCALL
ASC2HEX8 . . . . . . . . . . . .	P Near	 0000	  Length= 0000 External STDCALL
ChangeExt  . . . . . . . . . . .	P Near	 0000	  Length= 0000 External STDCALL
Change_Current_Directory . . . .	P Near	 0000	  Length= 0000 External STDCALL
ComSmole . . . . . . . . . . . .	P Near	 0000	  Length= 0000 External STDCALL
ExeSmole . . . . . . . . . . . .	P Near	 0000	  Length= 0000 External STDCALL
FH2A16 . . . . . . . . . . . . .	P Near	 0000	  Length= 0000 External STDCALL
FH2A8  . . . . . . . . . . . . .	P Near	 0000	  Length= 0000 External STDCALL
File_Close . . . . . . . . . . .	P Near	 0000	  Length= 0000 External STDCALL
File_Create  . . . . . . . . . .	P Near	 0000	  Length= 0000 External STDCALL
File_Err . . . . . . . . . . . .	P Near	 0000	  Length= 0000 External STDCALL
File_Load_S  . . . . . . . . . .	P Near	 0000	  Length= 0000 External STDCALL
File_Load  . . . . . . . . . . .	P Near	 0000	  _TEXT	Length= 0021 Public STDCALL
  hFile  . . . . . . . . . . . .	Word	 bp + 0004
  cBuff  . . . . . . . . . . . .	DWord	 bp + 0006
  File_Load_Ok . . . . . . . . .	L Near	 0019	  _TEXT	
File_Open  . . . . . . . . . . .	P Near	 0000	  Length= 0000 External STDCALL
File_Seek  . . . . . . . . . . .	P Near	 0000	  Length= 0000 External STDCALL
File_Write . . . . . . . . . . .	P Near	 0000	  Length= 0000 External STDCALL
H2A8 . . . . . . . . . . . . . .	P Near	 0000	  Length= 0000 External STDCALL
H2A_F  . . . . . . . . . . . . .	P Near	 0000	  Length= 0000 External STDCALL
HEX2ASC16  . . . . . . . . . . .	P Near	 0000	  Length= 0000 External STDCALL
HEX2ASC8 . . . . . . . . . . . .	P Near	 0000	  Length= 0000 External STDCALL
Memory_Close . . . . . . . . . .	P Near	 0000	  Length= 0000 External STDCALL
Memory_Open  . . . . . . . . . .	P Near	 0000	  Length= 0000 External STDCALL
dat2hex16  . . . . . . . . . . .	P Near	 0000	  Length= 0000 External STDCALL
dat2hex8 . . . . . . . . . . . .	P Near	 0000	  Length= 0000 External STDCALL


Symbols:

                N a m e                 Type     Value    Attr

@CodeSize  . . . . . . . . . . .	Number	 0000h	 
@DataSize  . . . . . . . . . . .	Number	 0000h	 
@Interface . . . . . . . . . . .	Number	 0003h	 
@Model . . . . . . . . . . . . .	Number	 0001h	 
@code  . . . . . . . . . . . . .	Text   	 DGROUP
@data  . . . . . . . . . . . . .	Text   	 DGROUP
@fardata?  . . . . . . . . . . .	Text   	 FAR_BSS
@fardata . . . . . . . . . . . .	Text   	 FAR_DATA
@stack . . . . . . . . . . . . .	Text   	 DGROUP

	   0 Warnings
	   0 Errors
