Microsoft (R) Macro Assembler Version 6.11		    04/22/12 02:03:03
fseek.asm						     Page 1 - 1



					.186
					.model	tiny,stdcall


				;****************************************************************
				;*		外部宣言					*
				;****************************************************************
				include	lib_dos.inc
			      C 
			      C 
			      C ComSmole	proto	near,	sizeCOM:WORD
			      C ExeSmole	proto	near,	szDGROUP:WORD
			      C Memory_Open	proto	near,	ParaSize:word
			      C Memory_Close	proto	near,	CloseSegment:word
			      C 
			      C File_Create	proto	near,	cFilename:dword,iAttr:word
			      C File_Open	proto	near,	cFilename:dword,cMode:byte
			      C File_Close	proto	near,	hFile:word
			      C File_Load	proto	near,	hFile:word,	cBuff:dword
			      C File_Load_S	proto	near,	hFile:word,	iSize:word,	cBuff:dword
			      C File_Write	proto	near,	hFile:word,	iSize:word,	cBuff:dword
			      C File_Seek	proto	near,	hFile:word,	iControl:BYTE,	dOffset	:dword
			      C 
			      C ChangeExt			proto	near,	cFilename:dword,cExt:dword
			      C Change_Current_Directory	proto	near,	cDirname:dword
			      C 
			      C File_Err	proto	near
			      C 
			      C 
			      C 
			      C ASC2HEX8	proto	near
			      C ASC2HEX16	proto	near
			      C HEX2ASC8	proto	near
			      C HEX2ASC16	proto	near
			      C FH2A8		proto	near
			      C FH2A16		proto	near
			      C H2A_F		proto	near,	iValue	:WORD,	iForm	:WORD
			      C H2A8		proto	near
			      C dat2hex8	proto	near
			      C dat2hex16	proto	near
			      C 
			      C 
			      C 


				;****************************************************************
				;*		コード						*
				;****************************************************************
				;---------------------------------------------------------------|
				;		ファイルのロード				|
				;---------------------------------------------------------------|
				;	●引数							|
				;		hFile		ハンドル			|
				;		iControl	0 : 先頭から			|
				;				1 : 現在の位置から		|
				;				2 : 末尾から			|
				;		dOffset		オフセット			|
				;	●返り値						|
				;		ds::ax	移動後のポインタ			|
				;---------------------------------------------------------------|
 0000				.code
 0000				File_Seek	proc	near	uses bx cx,
						hFile	:word,
						iControl:BYTE,
						dOffset	:dword

 0000  55		   *	    push   bp
 0001  8B EC		   *	    mov    bp, sp
 0003  53		   *	    push   bx
 0004  51		   *	    push   cx
 0005  8B 56 08					mov	dx, word ptr [dOffset + 0]
 0008  8B 4E 0A					mov	cx, word ptr [dOffset + 2]
 000B  8B 5E 04					mov	bx, hFile	;bx←ハンドル
 000E  8A 46 06					mov	al, iControl	;操作子
 0011  B4 42					mov	ah, 42h		;
 0013  CD 21					int	21h		;

 0015  73 03					jnc	File_Seek_Ok	;
 0017  E8 0000 E				call	File_Err	;
 001A				File_Seek_Ok:				;
						ret			;
 001A  59		   *	    pop    cx
 001B  5B		   *	    pop    bx
 001C  5D		   *	    pop    bp
 001D  C2 0008		   *	    ret    00008h
 0020				File_Seek	endp			;
				;****************************************************************
					end
Microsoft (R) Macro Assembler Version 6.11		    04/22/12 02:03:03
fseek.asm						     Symbols 2 - 1




Segments and Groups:

                N a m e                 Size     Length   Align   Combine Class

DGROUP . . . . . . . . . . . . .	GROUP
_TEXT  . . . . . . . . . . . . .	16 Bit	 0020	  Word	  Public  'CODE'	
_DATA  . . . . . . . . . . . . .	16 Bit	 0000	  Word	  Public  'DATA'	


Procedures,  parameters and locals:

                N a m e                 Type     Value    Attr

ASC2HEX16  . . . . . . . . . . .	P Near	 0000	  Length= 0000 External STDCALL
ASC2HEX8 . . . . . . . . . . . .	P Near	 0000	  Length= 0000 External STDCALL
ChangeExt  . . . . . . . . . . .	P Near	 0000	  Length= 0000 External STDCALL
Change_Current_Directory . . . .	P Near	 0000	  Length= 0000 External STDCALL
ComSmole . . . . . . . . . . . .	P Near	 0000	  Length= 0000 External STDCALL
ExeSmole . . . . . . . . . . . .	P Near	 0000	  Length= 0000 External STDCALL
FH2A16 . . . . . . . . . . . . .	P Near	 0000	  Length= 0000 External STDCALL
FH2A8  . . . . . . . . . . . . .	P Near	 0000	  Length= 0000 External STDCALL
File_Close . . . . . . . . . . .	P Near	 0000	  Length= 0000 External STDCALL
File_Create  . . . . . . . . . .	P Near	 0000	  Length= 0000 External STDCALL
File_Err . . . . . . . . . . . .	P Near	 0000	  Length= 0000 External STDCALL
File_Load_S  . . . . . . . . . .	P Near	 0000	  Length= 0000 External STDCALL
File_Load  . . . . . . . . . . .	P Near	 0000	  Length= 0000 External STDCALL
File_Open  . . . . . . . . . . .	P Near	 0000	  Length= 0000 External STDCALL
File_Seek  . . . . . . . . . . .	P Near	 0000	  _TEXT	Length= 0020 Public STDCALL
  hFile  . . . . . . . . . . . .	Word	 bp + 0004
  iControl . . . . . . . . . . .	Byte	 bp + 0006
  dOffset  . . . . . . . . . . .	DWord	 bp + 0008
  File_Seek_Ok . . . . . . . . .	L Near	 001A	  _TEXT	
File_Write . . . . . . . . . . .	P Near	 0000	  Length= 0000 External STDCALL
H2A8 . . . . . . . . . . . . . .	P Near	 0000	  Length= 0000 External STDCALL
H2A_F  . . . . . . . . . . . . .	P Near	 0000	  Length= 0000 External STDCALL
HEX2ASC16  . . . . . . . . . . .	P Near	 0000	  Length= 0000 External STDCALL
HEX2ASC8 . . . . . . . . . . . .	P Near	 0000	  Length= 0000 External STDCALL
Memory_Close . . . . . . . . . .	P Near	 0000	  Length= 0000 External STDCALL
Memory_Open  . . . . . . . . . .	P Near	 0000	  Length= 0000 External STDCALL
dat2hex16  . . . . . . . . . . .	P Near	 0000	  Length= 0000 External STDCALL
dat2hex8 . . . . . . . . . . . .	P Near	 0000	  Length= 0000 External STDCALL


Symbols:

                N a m e                 Type     Value    Attr

@CodeSize  . . . . . . . . . . .	Number	 0000h	 
@DataSize  . . . . . . . . . . .	Number	 0000h	 
@Interface . . . . . . . . . . .	Number	 0003h	 
@Model . . . . . . . . . . . . .	Number	 0001h	 
@code  . . . . . . . . . . . . .	Text   	 DGROUP
@data  . . . . . . . . . . . . .	Text   	 DGROUP
@fardata?  . . . . . . . . . . .	Text   	 FAR_BSS
@fardata . . . . . . . . . . . .	Text   	 FAR_DATA
@stack . . . . . . . . . . . . .	Text   	 DGROUP

	   0 Warnings
	   0 Errors
