Microsoft (R) Macro Assembler Version 6.11		    04/22/12 02:03:03
mclose.asm						     Page 1 - 1



					.186
					.model	tiny,stdcall


				;****************************************************************
				;*		外部宣言					*
				;****************************************************************
				include	lib_dos.inc
			      C 
			      C 
			      C ComSmole	proto	near,	sizeCOM:WORD
			      C ExeSmole	proto	near,	szDGROUP:WORD
			      C Memory_Open	proto	near,	ParaSize:word
			      C Memory_Close	proto	near,	CloseSegment:word
			      C 
			      C File_Create	proto	near,	cFilename:dword,iAttr:word
			      C File_Open	proto	near,	cFilename:dword,cMode:byte
			      C File_Close	proto	near,	hFile:word
			      C File_Load	proto	near,	hFile:word,	cBuff:dword
			      C File_Load_S	proto	near,	hFile:word,	iSize:word,	cBuff:dword
			      C File_Write	proto	near,	hFile:word,	iSize:word,	cBuff:dword
			      C File_Seek	proto	near,	hFile:word,	iControl:BYTE,	dOffset	:dword
			      C 
			      C ChangeExt			proto	near,	cFilename:dword,cExt:dword
			      C Change_Current_Directory	proto	near,	cDirname:dword
			      C 
			      C File_Err	proto	near
			      C 
			      C 
			      C 
			      C ASC2HEX8	proto	near
			      C ASC2HEX16	proto	near
			      C HEX2ASC8	proto	near
			      C HEX2ASC16	proto	near
			      C FH2A8		proto	near
			      C FH2A16		proto	near
			      C H2A_F		proto	near,	iValue	:WORD,	iForm	:WORD
			      C H2A8		proto	near
			      C dat2hex8	proto	near
			      C dat2hex16	proto	near
			      C 
			      C 
			      C 


				;****************************************************************
				;*		コード						*
				;****************************************************************
				;---------------------------------------------------------------|
				;		メモリ開放					|
				;---------------------------------------------------------------|
				;	●引数							|
				;		CloseSegment	開放するメモリのセグメント	|
				;	●返り値						|
				;		無し						|
				;---------------------------------------------------------------|
 0000				.code
 0000				Memory_Close	proc	near	uses ax es,
					CloseSegment:word

 0000  55		   *	    push   bp
 0001  8B EC		   *	    mov    bp, sp
 0003  50		   *	    push   ax
 0004  06		   *	    push   es
 0005  8E 46 04				mov	es,CloseSegment		;

 0008  B4 49				MOV	AH,49H			;
 000A  CD 21				INT	21H			;データ領域の開放

 000C  73 03				JNC	Memory_Close_Err	;
 000E  E8 0000 E			call	File_Err		;
 0011				Memory_Close_Err:			;

					RET				;
 0011  07		   *	    pop    es
 0012  58		   *	    pop    ax
 0013  5D		   *	    pop    bp
 0014  C2 0002		   *	    ret    00002h
 0017				Memory_Close	endp			;
				;****************************************************************
					end
Microsoft (R) Macro Assembler Version 6.11		    04/22/12 02:03:03
mclose.asm						     Symbols 2 - 1




Segments and Groups:

                N a m e                 Size     Length   Align   Combine Class

DGROUP . . . . . . . . . . . . .	GROUP
_TEXT  . . . . . . . . . . . . .	16 Bit	 0017	  Word	  Public  'CODE'	
_DATA  . . . . . . . . . . . . .	16 Bit	 0000	  Word	  Public  'DATA'	


Procedures,  parameters and locals:

                N a m e                 Type     Value    Attr

ASC2HEX16  . . . . . . . . . . .	P Near	 0000	  Length= 0000 External STDCALL
ASC2HEX8 . . . . . . . . . . . .	P Near	 0000	  Length= 0000 External STDCALL
ChangeExt  . . . . . . . . . . .	P Near	 0000	  Length= 0000 External STDCALL
Change_Current_Directory . . . .	P Near	 0000	  Length= 0000 External STDCALL
ComSmole . . . . . . . . . . . .	P Near	 0000	  Length= 0000 External STDCALL
ExeSmole . . . . . . . . . . . .	P Near	 0000	  Length= 0000 External STDCALL
FH2A16 . . . . . . . . . . . . .	P Near	 0000	  Length= 0000 External STDCALL
FH2A8  . . . . . . . . . . . . .	P Near	 0000	  Length= 0000 External STDCALL
File_Close . . . . . . . . . . .	P Near	 0000	  Length= 0000 External STDCALL
File_Create  . . . . . . . . . .	P Near	 0000	  Length= 0000 External STDCALL
File_Err . . . . . . . . . . . .	P Near	 0000	  Length= 0000 External STDCALL
File_Load_S  . . . . . . . . . .	P Near	 0000	  Length= 0000 External STDCALL
File_Load  . . . . . . . . . . .	P Near	 0000	  Length= 0000 External STDCALL
File_Open  . . . . . . . . . . .	P Near	 0000	  Length= 0000 External STDCALL
File_Seek  . . . . . . . . . . .	P Near	 0000	  Length= 0000 External STDCALL
File_Write . . . . . . . . . . .	P Near	 0000	  Length= 0000 External STDCALL
H2A8 . . . . . . . . . . . . . .	P Near	 0000	  Length= 0000 External STDCALL
H2A_F  . . . . . . . . . . . . .	P Near	 0000	  Length= 0000 External STDCALL
HEX2ASC16  . . . . . . . . . . .	P Near	 0000	  Length= 0000 External STDCALL
HEX2ASC8 . . . . . . . . . . . .	P Near	 0000	  Length= 0000 External STDCALL
Memory_Close . . . . . . . . . .	P Near	 0000	  _TEXT	Length= 0017 Public STDCALL
  CloseSegment . . . . . . . . .	Word	 bp + 0004
  Memory_Close_Err . . . . . . .	L Near	 0011	  _TEXT	
Memory_Open  . . . . . . . . . .	P Near	 0000	  Length= 0000 External STDCALL
dat2hex16  . . . . . . . . . . .	P Near	 0000	  Length= 0000 External STDCALL
dat2hex8 . . . . . . . . . . . .	P Near	 0000	  Length= 0000 External STDCALL


Symbols:

                N a m e                 Type     Value    Attr

@CodeSize  . . . . . . . . . . .	Number	 0000h	 
@DataSize  . . . . . . . . . . .	Number	 0000h	 
@Interface . . . . . . . . . . .	Number	 0003h	 
@Model . . . . . . . . . . . . .	Number	 0001h	 
@code  . . . . . . . . . . . . .	Text   	 DGROUP
@data  . . . . . . . . . . . . .	Text   	 DGROUP
@fardata?  . . . . . . . . . . .	Text   	 FAR_BSS
@fardata . . . . . . . . . . . .	Text   	 FAR_DATA
@stack . . . . . . . . . . . . .	Text   	 DGROUP

	   0 Warnings
	   0 Errors
